0 info it worked if it ends with ok
1 verbose cli [ '/usr/local/bin/node', '/usr/local/bin/npm', 'run', 'build' ]
2 info using npm@3.10.5
3 info using node@v4.4.7
4 verbose run-script [ 'prebuild', 'build', 'postbuild' ]
5 info lifecycle verizon.github.io@1.0.0~prebuild: verizon.github.io@1.0.0
6 silly lifecycle verizon.github.io@1.0.0~prebuild: no script for prebuild, continuing
7 info lifecycle verizon.github.io@1.0.0~build: verizon.github.io@1.0.0
8 verbose lifecycle verizon.github.io@1.0.0~build: unsafe-perm in lifecycle true
9 verbose lifecycle verizon.github.io@1.0.0~build: PATH: /usr/local/lib/node_modules/npm/bin/node-gyp-bin:/Users/wual9u4/alice/verizon.github.io/node_modules/.bin:/usr/local/bin:/usr/local/bin:/usr/bin:/bin:/usr/sbin:/sbin
10 verbose lifecycle verizon.github.io@1.0.0~build: CWD: /Users/wual9u4/alice/verizon.github.io
11 silly lifecycle verizon.github.io@1.0.0~build: Args: [ '-c', 'webpack -d --watch' ]
12 silly lifecycle verizon.github.io@1.0.0~build: Returned: code: 1  signal: null
13 info lifecycle verizon.github.io@1.0.0~build: Failed to exec build script
14 verbose stack Error: verizon.github.io@1.0.0 build: `webpack -d --watch`
14 verbose stack Exit status 1
14 verbose stack     at EventEmitter.<anonymous> (/usr/local/lib/node_modules/npm/lib/utils/lifecycle.js:242:16)
14 verbose stack     at emitTwo (events.js:87:13)
14 verbose stack     at EventEmitter.emit (events.js:172:7)
14 verbose stack     at ChildProcess.<anonymous> (/usr/local/lib/node_modules/npm/lib/utils/spawn.js:40:14)
14 verbose stack     at emitTwo (events.js:87:13)
14 verbose stack     at ChildProcess.emit (events.js:172:7)
14 verbose stack     at maybeClose (internal/child_process.js:827:16)
14 verbose stack     at Process.ChildProcess._handle.onexit (internal/child_process.js:211:5)
15 verbose pkgid verizon.github.io@1.0.0
16 verbose cwd /Users/wual9u4/alice/verizon.github.io
17 error Darwin 15.6.0
18 error argv "/usr/local/bin/node" "/usr/local/bin/npm" "run" "build"
19 error node v4.4.7
20 error npm  v3.10.5
21 error code ELIFECYCLE
22 error verizon.github.io@1.0.0 build: `webpack -d --watch`
22 error Exit status 1
23 error Failed at the verizon.github.io@1.0.0 build script 'webpack -d --watch'.
23 error Make sure you have the latest version of node.js and npm installed.
23 error If you do, this is most likely a problem with the verizon.github.io package,
23 error not with npm itself.
23 error Tell the author that this fails on your system:
23 error     webpack -d --watch
23 error You can get information on how to open an issue for this project with:
23 error     npm bugs verizon.github.io
23 error Or if that isn't available, you can get their info via:
23 error     npm owner ls verizon.github.io
23 error There is likely additional logging output above.
24 verbose exit [ 1, true ]
